2025-07-23T19:18:40.983Z [INFO]: Success Response - Status: 200, Message: Successfully registered, Data: {"user":{"id":"6881359055610de06c6bb689","fullName":"kukku","email":"kukku1@gmail.com","mobile_no":"1234567890"}}
2025-08-12T10:06:58.460Z [ERROR]: Error Response - Status: 500, Message: Internal server error ocured please try again later
2025-08-12T10:07:06.174Z [ERROR]: Error Response - Status: 500, Message: Internal server error ocured please try again later
2025-08-12T10:07:07.716Z [ERROR]: Error Response - Status: 500, Message: Internal server error ocured please try again later
2025-08-12T10:08:18.065Z [ERROR]: Error Response - Status: 500, Message: Internal server error ocured please try again later
2025-08-12T10:14:32.031Z [ERROR]: Error Response - Status: 500, Message: Internal server error ocured please try again later
2025-08-12T10:15:32.902Z [ERROR]: Error Response - Status: 500, Message: Internal server error ocured please try again later
2025-08-12T10:25:17.772Z [ERROR]: Error Response - Status: 500, Message: Internal server error ocured please try again later
2025-08-12T10:29:54.743Z [INFO]: Success Response - Status: 200, Message: Otp Send successfully, Data: undefined
2025-08-12T10:30:29.092Z [INFO]: Success Response - Status: 200, Message: Otp verified and user registerd successfully, Data: undefined
2025-08-12T10:36:55.600Z [INFO]: Success Response - Status: 200, Message: Otp Send successfully, Data: undefined
2025-08-12T10:37:15.292Z [INFO]: Success Response - Status: 200, Message: Otp verified and user registerd successfully, Data: undefined
2025-08-12T10:37:15.601Z [INFO]: Success Response - Status: 200, Message: Successfully registered, Data: {"user":{"id":"689b195b1ebc6162a9b49706","fullName":"Kuttu","email":"kuttu@gmail.com","mobile_no":"9745662937"}}
2025-08-12T10:37:29.197Z [INFO]: Success Response - Status: 200, Message: Login successful, Data: {"user":{"email":"kuttu@gmail.com","role":"user"},"accessToken":"eyJhbGciOiJIUzI1NiIsInR5cCI6IkpXVCJ9.eyJpZCI6IjY4OWIxOTViMWViYzYxNjJhOWI0OTcwNiIsInJvbGUiOiJ1c2VyIiwiZW1haWwiOiJrdXR0dUBnbWFpbC5jb20iLCJpYXQiOjE3NTQ5OTUwNDl9.uirYJwvU664Rm0pgMPXbDPhU0QlsDUMgoupTug514xU","refreshToken":"eyJhbGciOiJIUzI1NiIsInR5cCI6IkpXVCJ9.eyJpZCI6IjY4OWIxOTViMWViYzYxNjJhOWI0OTcwNiIsInJvbGUiOiJ1c2VyIiwiZW1haWwiOiJrdXR0dUBnbWFpbC5jb20iLCJpYXQiOjE3NTQ5OTUwNDl9.uirYJwvU664Rm0pgMPXbDPhU0QlsDUMgoupTug514xU"}
2025-08-20T18:40:09.294Z [ERROR]: Error Response - Status: 500, Message: Google SignIn Failed
2025-08-20T18:42:33.884Z [INFO]: Success Response - Status: 200, Message: Google SignIn success, Data: {"user":{"id":"68a61719fde7e22c146f0408","name":"Nikhila BCR35","email":"nikhilarajani257@gmail.com"},"accessToken":"eyJhbGciOiJIUzI1NiIsInR5cCI6IkpXVCJ9.eyJpZCI6IjY4YTYxNzE5ZmRlN2UyMmMxNDZmMDQwOCIsInJvbGUiOiJ1c2VyIiwiZW1haWwiOiJuaWtoaWxhcmFqYW5pMjU3QGdtYWlsLmNvbSIsImlhdCI6MTc1NTcxNTM1M30.FVU8Ve0vbYKbJ9Akm4ZaxAgi9qdJ-w7BIZpzo6GeLzo","refreshToken":"eyJhbGciOiJIUzI1NiIsInR5cCI6IkpXVCJ9.eyJpZCI6IjY4YTYxNzE5ZmRlN2UyMmMxNDZmMDQwOCIsInJvbGUiOiJ1c2VyIiwiaWF0IjoxNzU1NzE1MzUzfQ.1XlqzqK60OGq5NA7Pexs7uEnSI4aFNqAjZftzwxTgE4"}
2025-08-20T18:42:50.552Z [INFO]: Success Response - Status: 200, Message: Logout Successfully, Data: undefined
2025-08-20T18:42:56.229Z [INFO]: Success Response - Status: 200, Message: Google SignIn success, Data: {"user":{"id":"68a61719fde7e22c146f0408","name":"Nikhila BCR35","email":"nikhilarajani257@gmail.com"},"accessToken":"eyJhbGciOiJIUzI1NiIsInR5cCI6IkpXVCJ9.eyJpZCI6IjY4YTYxNzE5ZmRlN2UyMmMxNDZmMDQwOCIsInJvbGUiOiJ1c2VyIiwiZW1haWwiOiJuaWtoaWxhcmFqYW5pMjU3QGdtYWlsLmNvbSIsImlhdCI6MTc1NTcxNTM3Nn0.EHJfE1C0J-IkjQAuyqB1tcCUJjeeypbWwdgjcAlNkMI","refreshToken":"eyJhbGciOiJIUzI1NiIsInR5cCI6IkpXVCJ9.eyJpZCI6IjY4YTYxNzE5ZmRlN2UyMmMxNDZmMDQwOCIsInJvbGUiOiJ1c2VyIiwiaWF0IjoxNzU1NzE1Mzc2fQ.XWpJVFaRfOdEyMgc_8UVrcZE60_wSMH1eIS_WiZ4sEU"}
2025-08-20T18:43:02.135Z [INFO]: Success Response - Status: 200, Message: Logout Successfully, Data: undefined
2025-08-20T18:44:18.398Z [INFO]: Success Response - Status: 200, Message: Google SignIn success, Data: {"user":{"id":"68a61782fde7e22c146f040c","name":"Nikhila P","email":"nikhilarajani520@gmail.com"},"accessToken":"eyJhbGciOiJIUzI1NiIsInR5cCI6IkpXVCJ9.eyJpZCI6IjY4YTYxNzgyZmRlN2UyMmMxNDZmMDQwYyIsInJvbGUiOiJ1c2VyIiwiZW1haWwiOiJuaWtoaWxhcmFqYW5pNTIwQGdtYWlsLmNvbSIsImlhdCI6MTc1NTcxNTQ1OH0.m1g3tAdrCL0SfKQJ7VGw0LZY9vDBzHM5Fei2tDYsnRc","refreshToken":"eyJhbGciOiJIUzI1NiIsInR5cCI6IkpXVCJ9.eyJpZCI6IjY4YTYxNzgyZmRlN2UyMmMxNDZmMDQwYyIsInJvbGUiOiJ1c2VyIiwiaWF0IjoxNzU1NzE1NDU4fQ.i4Hgi-3GGjrTpFLNYV674pXQu9cFG2qcwg6GeYz8jHk"}
2025-08-20T18:50:27.792Z [INFO]: Success Response - Status: 200, Message: Logout Successfully, Data: undefined
2025-08-21T19:09:14.049Z [INFO]: Success Response - Status: 200, Message: Otp verified and user registerd successfully, Data: undefined
2025-08-22T10:04:47.131Z [INFO]: Success Response - Status: 200, Message: Logout Successfully, Data: undefined
2025-08-22T10:14:13.414Z [INFO]: Success Response - Status: 200, Message: Otp verified and user registerd successfully, Data: undefined
2025-08-22T10:18:14.082Z [INFO]: Success Response - Status: 200, Message: Otp verified and user registerd successfully, Data: undefined
2025-08-22T10:48:26.580Z [INFO]: Success Response - Status: 200, Message: Otp verified and user registerd successfully, Data: undefined
2025-08-22T10:49:52.319Z [INFO]: Success Response - Status: 200, Message: Otp verified and user registerd successfully, Data: undefined
2025-08-22T11:13:29.093Z [INFO]: Success Response - Status: 200, Message: Otp verified and user registerd successfully, Data: undefined
2025-08-22T11:14:57.348Z [INFO]: Success Response - Status: 200, Message: Otp verified and user registerd successfully, Data: undefined
2025-08-22T11:15:29.706Z [INFO]: Success Response - Status: 200, Message: Login successful, Data: {"user":{"email":"kuttu@gmail.com","role":"user"},"accessToken":"eyJhbGciOiJIUzI1NiIsInR5cCI6IkpXVCJ9.eyJpZCI6IjY4OWIxOTViMWViYzYxNjJhOWI0OTcwNiIsInJvbGUiOiJ1c2VyIiwiZW1haWwiOiJrdXR0dUBnbWFpbC5jb20iLCJpYXQiOjE3NTU4NjEzMjl9.qyX54mnFK-V5Ep0_KPhv0F2FX_9FuCklsgTNvkTA9AY","refreshToken":"eyJhbGciOiJIUzI1NiIsInR5cCI6IkpXVCJ9.eyJpZCI6IjY4OWIxOTViMWViYzYxNjJhOWI0OTcwNiIsInJvbGUiOiJ1c2VyIiwiZW1haWwiOiJrdXR0dUBnbWFpbC5jb20iLCJpYXQiOjE3NTU4NjEzMjl9.qyX54mnFK-V5Ep0_KPhv0F2FX_9FuCklsgTNvkTA9AY"}
2025-08-22T17:35:44.964Z [INFO]: Success Response - Status: 200, Message: Logout Successfully, Data: undefined
2025-08-22T17:36:51.677Z [INFO]: Success Response - Status: 200, Message: Otp Send successfully, Data: undefined
2025-08-22T17:38:30.749Z [INFO]: Success Response - Status: 200, Message: Otp Send successfully, Data: undefined
2025-08-22T17:38:59.236Z [INFO]: Success Response - Status: 200, Message: Otp verified and user registerd successfully, Data: undefined
2025-08-22T17:38:59.514Z [INFO]: Success Response - Status: 200, Message: Successfully registered, Data: {"user":{"id":"68a8ab3351eb8c14eff87c15","fullName":"Sumathi","email":"suma@gmail.com","mobile_no":"1234567890"}}
2025-08-22T17:40:25.666Z [INFO]: Success Response - Status: 200, Message: Otp Send successfully, Data: undefined
2025-08-22T17:41:37.725Z [INFO]: Success Response - Status: 200, Message: Otp resend Successfully, Data: undefined
2025-08-22T17:42:05.009Z [INFO]: Success Response - Status: 200, Message: Otp verified and user registerd successfully, Data: undefined
2025-08-22T17:42:05.218Z [INFO]: Success Response - Status: 200, Message: Successfully registered, Data: {"user":{"id":"68a8abed51eb8c14eff87c1f","fullName":"Sameena","email":"sameena@gmail.com","mobile_no":"8921447123"}}
